[2025-10-16 10:23:55] EXCEPTION: Invalid credentials. in C:\xampp\htdocs\api3\v3\app\Services\Portal\AuthService.php on line 71
Request: POST /api3/v3/portal/auth/login? from ::1

[2025-10-16 11:23:31] EXCEPTION: Request not allowed for table exam in C:\xampp\htdocs\api3\v3\app\Database\Query\QueryBuilder.php on line 502
Request: GET /api3/v3/public/cbt/exam-types? from ::1

[2025-10-16 11:25:01] EXCEPTION: Request not allowed for table exam in C:\xampp\htdocs\api3\v3\app\Database\Query\QueryBuilder.php on line 502
Request: GET /api3/v3/public/cbt/exam-types? from ::1

[2025-10-16 11:25:36] ERROR [2]: Undefined array key "exam" in C:\xampp\htdocs\api3\v3\app\Database\Schema\SchemaSynchronizer.php on line 20
Request: GET /api3/v3/public/cbt/exam-types? from ::1

[2025-10-16 11:25:36] EXCEPTION: V3\App\Database\Schema\SchemaSynchronizer::syncColumns(): Argument #2 ($definition) must be of type array, null given, called in C:\xampp\htdocs\api3\v3\app\Database\Schema\SchemaSynchronizer.php on line 25 in C:\xampp\htdocs\api3\v3\app\Database\Schema\SchemaSynchronizer.php on line 42
Request: GET /api3/v3/public/cbt/exam-types? from ::1

[2025-10-16 11:50:32] EXCEPTION: V3\App\Services\Explore\CbtService::formatRef(): Argument #1 ($url) must be of type string, null given, called in C:\xampp\htdocs\api3\v3\app\Services\Explore\CbtService.php on line 74 in C:\xampp\htdocs\api3\v3\app\Services\Explore\CbtService.php on line 133
Request: GET /api3/v3/public/cbt/exam-types? from ::1

[2025-10-16 11:51:38] EXCEPTION: V3\App\Services\Explore\CbtService::formatRef(): Argument #1 ($url) must be of type string, null given, called in C:\xampp\htdocs\api3\v3\app\Services\Explore\CbtService.php on line 74 in C:\xampp\htdocs\api3\v3\app\Services\Explore\CbtService.php on line 133
Request: GET /api3/v3/public/cbt/exam-types? from ::1

[2025-10-16 11:52:05] EXCEPTION: V3\App\Services\Explore\CbtService::formatRef(): Argument #1 ($url) must be of type string, null given, called in C:\xampp\htdocs\api3\v3\app\Services\Explore\CbtService.php on line 74 in C:\xampp\htdocs\api3\v3\app\Services\Explore\CbtService.php on line 133
Request: GET /api3/v3/public/cbt/exam-types? from ::1

[2025-10-16 11:52:50] EXCEPTION: V3\App\Services\Explore\CbtService::formatRef(): Argument #1 ($url) must be of type string, null given, called in C:\xampp\htdocs\api3\v3\app\Services\Explore\CbtService.php on line 74 in C:\xampp\htdocs\api3\v3\app\Services\Explore\CbtService.php on line 133
Request: GET /api3/v3/public/cbt/exam-types? from ::1

[2025-10-16 11:53:10] EXCEPTION: V3\App\Services\Explore\CbtService::formatRef(): Argument #1 ($url) must be of type string, null given, called in C:\xampp\htdocs\api3\v3\app\Services\Explore\CbtService.php on line 74 in C:\xampp\htdocs\api3\v3\app\Services\Explore\CbtService.php on line 133
Request: GET /api3/v3/public/cbt/exam-types? from ::1

[2025-10-16 11:53:23] EXCEPTION: V3\App\Services\Explore\CbtService::formatRef(): Argument #1 ($url) must be of type string, null given, called in C:\xampp\htdocs\api3\v3\app\Services\Explore\CbtService.php on line 74 in C:\xampp\htdocs\api3\v3\app\Services\Explore\CbtService.php on line 133
Request: GET /api3/v3/public/cbt/exam-types? from ::1

